DCC203,2,11
ELE629,2,2
MAT001,2,11
MAT038,2,11
DCC033,6,6
DCC204,4,11
ELT124,2,4
FIS065,2,9
MAT039,6,18
ELE064,2,5
ELE078,5,4
FIS069,8,6
FIS152,6,4
MAT002,6,2
MAT015,6,20
DCC205,5,2
ELE065,7,4
ELT029,4,2
EST031,2,6
FIS086,6,2
MAT016,6,2
ELE079,6,2
ELE092,2,5
ELT075,10,2
ELT123,2,2
ELT125,5,8
EMA255,6,2
ELE080,5,2
ELE081,4,5
ELE082,5,2
ELE156,6,2
ELT126,5,2
DCC023,5,2
EEE017,4,2
ELE077,9,6
ELE084,5,5
ELT079,2,4
ELE042,5,2
ELE075,5,2
ELE083,6,2
ELE086,5,4
ELE088,6,2
ELT016,5,2
ELT080,4,2
ELE087,5,2
ELE094,2,2
